Using pre-set license
Built from '2021.3/staging' branch; Version is '2021.3.11f1 (0a5ca18544bf) revision 679073'; Using compiler version '192829333'; Build Type 'Release'
OS: 'Windows 11  (10.0.22631) 64bit Professional' Language: 'ko' Physical Memory: 15790 MB
BatchMode: 1, IsHumanControllingUs: 0, StartBugReporterOnCrash: 0, Is64bit: 1, IsPro: 1

COMMAND LINE ARGUMENTS:
C:\Program Files\Unity\Hub\Editor\2021.3.11f1\Editor\Unity.exe
-adb2
-batchMode
-noUpm
-name
AssetImportWorker2
-projectPath
C:/unity practice/SpineSampleWithUnity
-logFile
Logs/AssetImportWorker2.log
-srvPort
57853
Successfully changed project path to: C:/unity practice/SpineSampleWithUnity
C:/unity practice/SpineSampleWithUnity
[UnityMemory] Configuration Parameters - Can be set up in boot.config
    "memorysetup-bucket-allocator-granularity=16"
    "memorysetup-bucket-allocator-bucket-count=8"
    "memorysetup-bucket-allocator-block-size=33554432"
    "memorysetup-bucket-allocator-block-count=8"
    "memorysetup-main-allocator-block-size=16777216"
    "memorysetup-thread-allocator-block-size=16777216"
    "memorysetup-gfx-main-allocator-block-size=16777216"
    "memorysetup-gfx-thread-allocator-block-size=16777216"
    "memorysetup-cache-allocator-block-size=4194304"
    "memorysetup-typetree-allocator-block-size=2097152"
    "memorysetup-profiler-bucket-allocator-granularity=16"
    "memorysetup-profiler-bucket-allocator-bucket-count=8"
    "memorysetup-profiler-bucket-allocator-block-size=33554432"
    "memorysetup-profiler-bucket-allocator-block-count=8"
    "memorysetup-profiler-allocator-block-size=16777216"
    "memorysetup-profiler-editor-allocator-block-size=1048576"
    "memorysetup-temp-allocator-size-main=16777216"
    "memorysetup-job-temp-allocator-block-size=2097152"
    "memorysetup-job-temp-allocator-block-size-background=1048576"
    "memorysetup-job-temp-allocator-reduction-small-platforms=262144"
    "memorysetup-temp-allocator-size-background-worker=32768"
    "memorysetup-temp-allocator-size-job-worker=262144"
    "memorysetup-temp-allocator-size-preload-manager=33554432"
    "memorysetup-temp-allocator-size-nav-mesh-worker=65536"
    "memorysetup-temp-allocator-size-audio-worker=65536"
    "memorysetup-temp-allocator-size-cloud-worker=32768"
    "memorysetup-temp-allocator-size-gi-baking-worker=262144"
    "memorysetup-temp-allocator-size-gfx=262144"
Refreshing native plugins compatible for Editor in 116.83 ms, found 3 plugins.
Preloading 0 native plugins for Editor in 0.00 ms.
Initialize engine version: 2021.3.11f1 (0a5ca18544bf)
[Subsystems] Discovering subsystems at path C:/Program Files/Unity/Hub/Editor/2021.3.11f1/Editor/Data/Resources/UnitySubsystems
[Subsystems] Discovering subsystems at path C:/unity practice/SpineSampleWithUnity/Assets
GfxDevice: creating device client; threaded=0; jobified=0
Direct3D:
    Version:  Direct3D 11.0 [level 11.1]
    Renderer: AMD Radeon(TM) Graphics (ID=0x1636)
    Vendor:   ATI
    VRAM:     7895 MB
    Driver:   27.20.1026.1
Initialize mono
Mono path[0] = 'C:/Program Files/Unity/Hub/Editor/2021.3.11f1/Editor/Data/Managed'
Mono path[1] = 'C:/Program Files/Unity/Hub/Editor/2021.3.11f1/Editor/Data/MonoBleedingEdge/lib/mono/unityjit-win32'
Mono config path = 'C:/Program Files/Unity/Hub/Editor/2021.3.11f1/Editor/Data/MonoBleedingEdge/etc'
Using monoOptions --debugger-agent=transport=dt_socket,embedding=1,server=y,suspend=n,address=127.0.0.1:56664
Begin MonoManager ReloadAssembly
Registering precompiled unity dll's ...
Register platform support module: C:/Program Files/Unity/Hub/Editor/2021.3.11f1/Editor/Data/PlaybackEngines/WebGLSupport/UnityEditor.WebGL.Extensions.dll
Register platform support module: C:/Program Files/Unity/Hub/Editor/2021.3.11f1/Editor/Data/PlaybackEngines/AndroidPlayer/UnityEditor.Android.Extensions.dll
Register platform support module: C:/Program Files/Unity/Hub/Editor/2021.3.11f1/Editor/Data/PlaybackEngines/iOSSupport/UnityEditor.iOS.Extensions.dll
Register platform support module: C:/Program Files/Unity/Hub/Editor/2021.3.11f1/Editor/Data/PlaybackEngines/WindowsStandaloneSupport/UnityEditor.WindowsStandalone.Extensions.dll
Register platform support module: C:/Program Files/Unity/Hub/Editor/2021.3.11f1/Editor/Data/PlaybackEngines/MetroSupport/UnityEditor.UWP.Extensions.dll
Registered in 0.005240 seconds.
Native extension for UWP target not found
Native extension for WindowsStandalone target not found
[usbmuxd] Start listen thread
[usbmuxd] Listen thread started
Native extension for iOS target not found
Native extension for Android target not found
Native extension for WebGL target not found
Refreshing native plugins compatible for Editor in 80.63 ms, found 3 plugins.
Preloading 0 native plugins for Editor in 0.00 ms.
Mono: successfully reloaded assembly
- Completed reload, in  0.624 seconds
Domain Reload Profiling:
	ReloadAssembly (625ms)
		BeginReloadAssembly (66ms)
			ExecutionOrderSort (0ms)
			DisableScriptedObjects (0ms)
			BackupInstance (0ms)
			ReleaseScriptingObjects (0ms)
			CreateAndSetChildDomain (1ms)
		EndReloadAssembly (462ms)
			LoadAssemblies (65ms)
			RebuildTransferFunctionScriptingTraits (0ms)
			SetupTypeCache (105ms)
			ReleaseScriptCaches (0ms)
			RebuildScriptCaches (29ms)
			SetupLoadedEditorAssemblies (282ms)
				LogAssemblyErrors (0ms)
				InitializePlatformSupportModulesInManaged (65ms)
				SetLoadedEditorAssemblies (0ms)
				RefreshPlugins (81ms)
				BeforeProcessingInitializeOnLoad (1ms)
				ProcessInitializeOnLoadAttributes (92ms)
				ProcessInitializeOnLoadMethodAttributes (43ms)
				AfterProcessingInitializeOnLoad (0ms)
				EditorAssembliesLoaded (0ms)
			ExecutionOrderSort2 (0ms)
			AwakeInstancesAfterBackupRestoration (0ms)
Platform modules already initialized, skipping
Registering precompiled user dll's ...
Registered in 0.003952 seconds.
Begin MonoManager ReloadAssembly
Symbol file LoadedFromMemory doesn't match image C:\unity practice\SpineSampleWithUnity\Library\PackageCache\com.unity.visualscripting@1.7.8\Editor\VisualScripting.Core\Dependencies\YamlDotNet\Unity.VisualScripting.YamlDotNet.dll
Symbol file LoadedFromMemory doesn't match image C:\unity practice\SpineSampleWithUnity\Library\PackageCache\com.unity.visualscripting@1.7.8\Editor\VisualScripting.Core\Dependencies\DotNetZip\Unity.VisualScripting.IonicZip.dll
Native extension for UWP target not found
Native extension for WindowsStandalone target not found
Native extension for iOS target not found
Native extension for Android target not found
Native extension for WebGL target not found
Refreshing native plugins compatible for Editor in 0.65 ms, found 3 plugins.
Preloading 0 native plugins for Editor in 0.00 ms.
Mono: successfully reloaded assembly
- Completed reload, in  1.094 seconds
Domain Reload Profiling:
	ReloadAssembly (1095ms)
		BeginReloadAssembly (213ms)
			ExecutionOrderSort (0ms)
			DisableScriptedObjects (5ms)
			BackupInstance (0ms)
			ReleaseScriptingObjects (0ms)
			CreateAndSetChildDomain (133ms)
		EndReloadAssembly (776ms)
			LoadAssemblies (79ms)
			RebuildTransferFunctionScriptingTraits (0ms)
			SetupTypeCache (246ms)
			ReleaseScriptCaches (1ms)
			RebuildScriptCaches (58ms)
			SetupLoadedEditorAssemblies (349ms)
				LogAssemblyErrors (0ms)
				InitializePlatformSupportModulesInManaged (24ms)
				SetLoadedEditorAssemblies (0ms)
				RefreshPlugins (1ms)
				BeforeProcessingInitializeOnLoad (79ms)
				ProcessInitializeOnLoadAttributes (211ms)
				ProcessInitializeOnLoadMethodAttributes (29ms)
				AfterProcessingInitializeOnLoad (6ms)
				EditorAssembliesLoaded (0ms)
			ExecutionOrderSort2 (0ms)
			AwakeInstancesAfterBackupRestoration (7ms)
Platform modules already initialized, skipping
========================================================================
Worker process is ready to serve import requests
Launched and connected shader compiler UnityShaderCompiler.exe after 0.07 seconds
Refreshing native plugins compatible for Editor in 0.67 ms, found 3 plugins.
Preloading 0 native plugins for Editor in 0.00 ms.
Unloading 3658 Unused Serialized files (Serialized files now loaded: 0)
Unloading 40 unused Assets / (1.5 MB). Loaded Objects now: 4105.
Memory consumption went from 140.9 MB to 139.4 MB.
Total: 4.206000 ms (FindLiveObjects: 0.388400 ms CreateObjectMapping: 0.243800 ms MarkObjects: 2.890100 ms  DeleteObjects: 0.682300 ms)

AssetImportParameters requested are different than current active one (requested -> active):
  custom:video-decoder-ogg-theora: a1e56fd34408186e4bbccfd4996cb3dc -> 
  custom:container-muxer-webm: aa71ff27fc2769a1b78a27578f13a17b -> 
  custom:container-demuxer-webm: 4f35f7cbe854078d1ac9338744f61a02 -> 
  custom:video-encoder-webm-vp8: eb34c28f22e8b96e1ab97ce403110664 -> 
  custom:video-codec-MediaFoundation-h265: 746d11721c4dcdbdad8f713fa42b33f4 -> 
  custom:audio-encoder-webm-vorbis: bf7c407c2cedff20999df2af8eb42d56 -> 
  custom:framework-win-MediaFoundation: 216162199b28c13a410421893ffa2e32 -> 
  custom:container-demuxer-ogg: 62fdf1f143b41e24485cea50d1cbac27 -> 
  custom:video-decoder-webm-vp8: 9c59270c3fd7afecdb556c50c9e8de78 -> 
  custom:audio-decoder-ogg-vorbis: bf7c407c2cedff20999df2af8eb42d56 -> 
========================================================================
Received Import Request.
  Time since last request: 890880.914278 seconds.
  path: Assets/Spine Examples/Getting Started/1 The Spine GameObject.unity
  artifactKey: Guid(fff6e9ad77d93024a9a87f6f2c0a6b3e) Importer(815301076,1909f56bfc062723c751e8b465ee728b)
Start importing Assets/Spine Examples/Getting Started/1 The Spine GameObject.unity using Guid(fff6e9ad77d93024a9a87f6f2c0a6b3e) Importer(815301076,1909f56bfc062723c751e8b465ee728b)  -> (artifact id: '4d87d1187534afac663084655329cc62') in 0.022832 seconds 
========================================================================
Received Prepare
Registering precompiled user dll's ...
Registered in 0.003937 seconds.
Begin MonoManager ReloadAssembly
Symbol file LoadedFromMemory doesn't match image C:\unity practice\SpineSampleWithUnity\Library\PackageCache\com.unity.visualscripting@1.7.8\Editor\VisualScripting.Core\Dependencies\YamlDotNet\Unity.VisualScripting.YamlDotNet.dll
Symbol file LoadedFromMemory doesn't match image C:\unity practice\SpineSampleWithUnity\Library\PackageCache\com.unity.visualscripting@1.7.8\Editor\VisualScripting.Core\Dependencies\DotNetZip\Unity.VisualScripting.IonicZip.dll
Native extension for UWP target not found
Native extension for WindowsStandalone target not found
Native extension for iOS target not found
Native extension for Android target not found
Native extension for WebGL target not found
Refreshing native plugins compatible for Editor in 1.05 ms, found 3 plugins.
Preloading 0 native plugins for Editor in 0.00 ms.
Mono: successfully reloaded assembly
- Completed reload, in  1.038 seconds
Domain Reload Profiling:
	ReloadAssembly (1039ms)
		BeginReloadAssembly (125ms)
			ExecutionOrderSort (0ms)
			DisableScriptedObjects (5ms)
			BackupInstance (0ms)
			ReleaseScriptingObjects (0ms)
			CreateAndSetChildDomain (37ms)
		EndReloadAssembly (824ms)
			LoadAssemblies (79ms)
			RebuildTransferFunctionScriptingTraits (0ms)
			SetupTypeCache (296ms)
			ReleaseScriptCaches (2ms)
			RebuildScriptCaches (49ms)
			SetupLoadedEditorAssemblies (349ms)
				LogAssemblyErrors (0ms)
				InitializePlatformSupportModulesInManaged (39ms)
				SetLoadedEditorAssemblies (0ms)
				RefreshPlugins (1ms)
				BeforeProcessingInitializeOnLoad (68ms)
				ProcessInitializeOnLoadAttributes (206ms)
				ProcessInitializeOnLoadMethodAttributes (30ms)
				AfterProcessingInitializeOnLoad (5ms)
				EditorAssembliesLoaded (0ms)
			ExecutionOrderSort2 (0ms)
			AwakeInstancesAfterBackupRestoration (6ms)
Platform modules already initialized, skipping
Refreshing native plugins compatible for Editor in 2.36 ms, found 3 plugins.
Preloading 0 native plugins for Editor in 0.00 ms.
Unloading 3619 Unused Serialized files (Serialized files now loaded: 0)
Unloading 33 unused Assets / (1.5 MB). Loaded Objects now: 4108.
Memory consumption went from 137.4 MB to 135.9 MB.
Total: 5.898800 ms (FindLiveObjects: 0.318500 ms CreateObjectMapping: 0.161200 ms MarkObjects: 4.579900 ms  DeleteObjects: 0.837800 ms)

AssetImportParameters requested are different than current active one (requested -> active):
  custom:video-decoder-ogg-theora: a1e56fd34408186e4bbccfd4996cb3dc -> 
  custom:container-muxer-webm: aa71ff27fc2769a1b78a27578f13a17b -> 
  custom:container-demuxer-webm: 4f35f7cbe854078d1ac9338744f61a02 -> 
  custom:video-encoder-webm-vp8: eb34c28f22e8b96e1ab97ce403110664 -> 
  custom:video-codec-MediaFoundation-h265: 746d11721c4dcdbdad8f713fa42b33f4 -> 
  custom:audio-encoder-webm-vorbis: bf7c407c2cedff20999df2af8eb42d56 -> 
  custom:framework-win-MediaFoundation: 216162199b28c13a410421893ffa2e32 -> 
  custom:container-demuxer-ogg: 62fdf1f143b41e24485cea50d1cbac27 -> 
  custom:video-decoder-webm-vp8: 9c59270c3fd7afecdb556c50c9e8de78 -> 
  custom:audio-decoder-ogg-vorbis: bf7c407c2cedff20999df2af8eb42d56 -> 
========================================================================
Received Import Request.
  Time since last request: 120.636844 seconds.
  path: Assets/Spine Examples/Spine Skeletons/Hero/ReferenceAssets/attack.asset
  artifactKey: Guid(a7f08ab57415c7548a57933fe9332cf0) Importer(815301076,1909f56bfc062723c751e8b465ee728b)
Start importing Assets/Spine Examples/Spine Skeletons/Hero/ReferenceAssets/attack.asset using Guid(a7f08ab57415c7548a57933fe9332cf0) Importer(815301076,1909f56bfc062723c751e8b465ee728b) Problematic material setup at Spine GameObject (hero-pro): 
Warning: Premultiply-alpha atlas textures not supported in Linear color space!You can use a straight alpha texture with 'PMA Vertex Color' by choosing blend mode 'PMA Vertex, Straight Texture'.

If you have a PMA Texture, please
a) re-export atlas as straight alpha texture with 'premultiply alpha' unchecked
   (if you have already done this, please set the 'Straight Alpha Texture' Material parameter to 'true') or
b) switch to Gamma color space via
Project Settings - Player - Other Settings - Color Space.
UnityEngine.StackTraceUtility:ExtractStackTrace ()
UnityEngine.DebugLogHandler:LogFormat (UnityEngine.LogType,UnityEngine.Object,string,object[])
UnityEngine.Logger:LogFormat (UnityEngine.LogType,UnityEngine.Object,string,object[])
UnityEngine.Debug:LogWarningFormat (UnityEngine.Object,string,object[])
Spine.Unity.SkeletonRenderer:Initialize (bool,bool) (at Assets/Spine/Runtime/spine-unity/Components/SkeletonRenderer.cs:515)
Spine.Unity.SkeletonAnimation:Initialize (bool,bool) (at Assets/Spine/Runtime/spine-unity/Components/SkeletonAnimation.cs:189)
Spine.Unity.Editor.EditorInstantiation:InstantiateSkeletonAnimation (Spine.Unity.SkeletonDataAsset,Spine.Skin,bool,bool) (at Assets/Spine/Editor/spine-unity/Editor/Utility/AssetUtility.cs:1350)
Spine.Unity.Editor.EditorInstantiation:InstantiateSkeletonAnimation (Spine.Unity.SkeletonDataAsset,string,bool,bool) (at Assets/Spine/Editor/spine-unity/Editor/Utility/AssetUtility.cs:1320)
Spine.Unity.Editor.SkeletonInspectorPreview:Initialize (System.Action,Spine.Unity.SkeletonDataAsset,string) (at Assets/Spine/Editor/spine-unity/Editor/Asset Types/SkeletonDataAssetInspector.cs:869)
Spine.Unity.Editor.AnimationReferenceAssetEditor:HandleOnEnablePreview () (at Assets/Spine/Editor/spine-unity/Editor/Asset Types/AnimationReferenceAssetEditor.cs:144)
Spine.Unity.Editor.AnimationReferenceAssetEditor:OnEnable () (at Assets/Spine/Editor/spine-unity/Editor/Asset Types/AnimationReferenceAssetEditor.cs:58)
UnityEditor.Editor:CreateEditorWithContext (UnityEngine.Object[],UnityEngine.Object,System.Type)
UnityEditor.Editor:CreateEditor (UnityEngine.Object,System.Type)
UnityEditor.Editor:CreateEditor (UnityEngine.Object)
UnityEditor.AssetPreviewUpdater:CreatePreview (UnityEngine.Object,UnityEngine.Object[],string,int,int)
UnityEditor.AssetPreviewUpdater:CreatePreviewForAsset (UnityEngine.Object,UnityEngine.Object[],string)

(Filename: Assets/Spine/Runtime/spine-unity/Components/SkeletonRenderer.cs Line: 515)

 -> (artifact id: '8d3d8f3cc233f8893bc9f1039d824c44') in 0.296301 seconds 
========================================================================
Received Import Request.
  Time since last request: 0.000039 seconds.
  path: Assets/Spine Examples/Spine Skeletons/Hero/ReferenceAssets/head-turn.asset
  artifactKey: Guid(f6af3927c87714243a26ccb72d39d4fc) Importer(815301076,1909f56bfc062723c751e8b465ee728b)
Start importing Assets/Spine Examples/Spine Skeletons/Hero/ReferenceAssets/head-turn.asset using Guid(f6af3927c87714243a26ccb72d39d4fc) Importer(815301076,1909f56bfc062723c751e8b465ee728b) Problematic material setup at Spine GameObject (hero-pro): 
Warning: Premultiply-alpha atlas textures not supported in Linear color space!You can use a straight alpha texture with 'PMA Vertex Color' by choosing blend mode 'PMA Vertex, Straight Texture'.

If you have a PMA Texture, please
a) re-export atlas as straight alpha texture with 'premultiply alpha' unchecked
   (if you have already done this, please set the 'Straight Alpha Texture' Material parameter to 'true') or
b) switch to Gamma color space via
Project Settings - Player - Other Settings - Color Space.
UnityEngine.StackTraceUtility:ExtractStackTrace ()
UnityEngine.DebugLogHandler:LogFormat (UnityEngine.LogType,UnityEngine.Object,string,object[])
UnityEngine.Logger:LogFormat (UnityEngine.LogType,UnityEngine.Object,string,object[])
UnityEngine.Debug:LogWarningFormat (UnityEngine.Object,string,object[])
Spine.Unity.SkeletonRenderer:Initialize (bool,bool) (at Assets/Spine/Runtime/spine-unity/Components/SkeletonRenderer.cs:515)
Spine.Unity.SkeletonAnimation:Initialize (bool,bool) (at Assets/Spine/Runtime/spine-unity/Components/SkeletonAnimation.cs:189)
Spine.Unity.Editor.EditorInstantiation:InstantiateSkeletonAnimation (Spine.Unity.SkeletonDataAsset,Spine.Skin,bool,bool) (at Assets/Spine/Editor/spine-unity/Editor/Utility/AssetUtility.cs:1350)
Spine.Unity.Editor.EditorInstantiation:InstantiateSkeletonAnimation (Spine.Unity.SkeletonDataAsset,string,bool,bool) (at Assets/Spine/Editor/spine-unity/Editor/Utility/AssetUtility.cs:1320)
Spine.Unity.Editor.SkeletonInspectorPreview:Initialize (System.Action,Spine.Unity.SkeletonDataAsset,string) (at Assets/Spine/Editor/spine-unity/Editor/Asset Types/SkeletonDataAssetInspector.cs:869)
Spine.Unity.Editor.AnimationReferenceAssetEditor:HandleOnEnablePreview () (at Assets/Spine/Editor/spine-unity/Editor/Asset Types/AnimationReferenceAssetEditor.cs:144)
Spine.Unity.Editor.AnimationReferenceAssetEditor:OnEnable () (at Assets/Spine/Editor/spine-unity/Editor/Asset Types/AnimationReferenceAssetEditor.cs:58)
UnityEditor.Editor:CreateEditorWithContext (UnityEngine.Object[],UnityEngine.Object,System.Type)
UnityEditor.Editor:CreateEditor (UnityEngine.Object,System.Type)
UnityEditor.Editor:CreateEditor (UnityEngine.Object)
UnityEditor.AssetPreviewUpdater:CreatePreview (UnityEngine.Object,UnityEngine.Object[],string,int,int)
UnityEditor.AssetPreviewUpdater:CreatePreviewForAsset (UnityEngine.Object,UnityEngine.Object[],string)

(Filename: Assets/Spine/Runtime/spine-unity/Components/SkeletonRenderer.cs Line: 515)

 -> (artifact id: '266094f1b46c14d7438461b2d2138b16') in 0.039802 seconds 
========================================================================
Received Import Request.
  Time since last request: 0.000068 seconds.
  path: Assets/Spine Examples/Spine Skeletons/Hero/ReferenceAssets/crouch.asset
  artifactKey: Guid(25961ff211f6f3947be85f8aab3f2630) Importer(815301076,1909f56bfc062723c751e8b465ee728b)
Start importing Assets/Spine Examples/Spine Skeletons/Hero/ReferenceAssets/crouch.asset using Guid(25961ff211f6f3947be85f8aab3f2630) Importer(815301076,1909f56bfc062723c751e8b465ee728b) Problematic material setup at Spine GameObject (hero-pro): 
Warning: Premultiply-alpha atlas textures not supported in Linear color space!You can use a straight alpha texture with 'PMA Vertex Color' by choosing blend mode 'PMA Vertex, Straight Texture'.

If you have a PMA Texture, please
a) re-export atlas as straight alpha texture with 'premultiply alpha' unchecked
   (if you have already done this, please set the 'Straight Alpha Texture' Material parameter to 'true') or
b) switch to Gamma color space via
Project Settings - Player - Other Settings - Color Space.
UnityEngine.StackTraceUtility:ExtractStackTrace ()
UnityEngine.DebugLogHandler:LogFormat (UnityEngine.LogType,UnityEngine.Object,string,object[])
UnityEngine.Logger:LogFormat (UnityEngine.LogType,UnityEngine.Object,string,object[])
UnityEngine.Debug:LogWarningFormat (UnityEngine.Object,string,object[])
Spine.Unity.SkeletonRenderer:Initialize (bool,bool) (at Assets/Spine/Runtime/spine-unity/Components/SkeletonRenderer.cs:515)
Spine.Unity.SkeletonAnimation:Initialize (bool,bool) (at Assets/Spine/Runtime/spine-unity/Components/SkeletonAnimation.cs:189)
Spine.Unity.Editor.EditorInstantiation:InstantiateSkeletonAnimation (Spine.Unity.SkeletonDataAsset,Spine.Skin,bool,bool) (at Assets/Spine/Editor/spine-unity/Editor/Utility/AssetUtility.cs:1350)
Spine.Unity.Editor.EditorInstantiation:InstantiateSkeletonAnimation (Spine.Unity.SkeletonDataAsset,string,bool,bool) (at Assets/Spine/Editor/spine-unity/Editor/Utility/AssetUtility.cs:1320)
Spine.Unity.Editor.SkeletonInspectorPreview:Initialize (System.Action,Spine.Unity.SkeletonDataAsset,string) (at Assets/Spine/Editor/spine-unity/Editor/Asset Types/SkeletonDataAssetInspector.cs:869)
Spine.Unity.Editor.AnimationReferenceAssetEditor:HandleOnEnablePreview () (at Assets/Spine/Editor/spine-unity/Editor/Asset Types/AnimationReferenceAssetEditor.cs:144)
Spine.Unity.Editor.AnimationReferenceAssetEditor:OnEnable () (at Assets/Spine/Editor/spine-unity/Editor/Asset Types/AnimationReferenceAssetEditor.cs:58)
UnityEditor.Editor:CreateEditorWithContext (UnityEngine.Object[],UnityEngine.Object,System.Type)
UnityEditor.Editor:CreateEditor (UnityEngine.Object,System.Type)
UnityEditor.Editor:CreateEditor (UnityEngine.Object)
UnityEditor.AssetPreviewUpdater:CreatePreview (UnityEngine.Object,UnityEngine.Object[],string,int,int)
UnityEditor.AssetPreviewUpdater:CreatePreviewForAsset (UnityEngine.Object,UnityEngine.Object[],string)

(Filename: Assets/Spine/Runtime/spine-unity/Components/SkeletonRenderer.cs Line: 515)

 -> (artifact id: 'ce26e963407e0308862c63406ca29ec2') in 0.048023 seconds 
========================================================================
Received Import Request.
  Time since last request: 0.000035 seconds.
  path: Assets/Spine Examples/Spine Skeletons/Hero/ReferenceAssets/fall.asset
  artifactKey: Guid(29c1381a00cfb2c4d996f2a02fcc4506) Importer(815301076,1909f56bfc062723c751e8b465ee728b)
Start importing Assets/Spine Examples/Spine Skeletons/Hero/ReferenceAssets/fall.asset using Guid(29c1381a00cfb2c4d996f2a02fcc4506) Importer(815301076,1909f56bfc062723c751e8b465ee728b) Problematic material setup at Spine GameObject (hero-pro): 
Warning: Premultiply-alpha atlas textures not supported in Linear color space!You can use a straight alpha texture with 'PMA Vertex Color' by choosing blend mode 'PMA Vertex, Straight Texture'.

If you have a PMA Texture, please
a) re-export atlas as straight alpha texture with 'premultiply alpha' unchecked
   (if you have already done this, please set the 'Straight Alpha Texture' Material parameter to 'true') or
b) switch to Gamma color space via
Project Settings - Player - Other Settings - Color Space.
UnityEngine.StackTraceUtility:ExtractStackTrace ()
UnityEngine.DebugLogHandler:LogFormat (UnityEngine.LogType,UnityEngine.Object,string,object[])
UnityEngine.Logger:LogFormat (UnityEngine.LogType,UnityEngine.Object,string,object[])
UnityEngine.Debug:LogWarningFormat (UnityEngine.Object,string,object[])
Spine.Unity.SkeletonRenderer:Initialize (bool,bool) (at Assets/Spine/Runtime/spine-unity/Components/SkeletonRenderer.cs:515)
Spine.Unity.SkeletonAnimation:Initialize (bool,bool) (at Assets/Spine/Runtime/spine-unity/Components/SkeletonAnimation.cs:189)
Spine.Unity.Editor.EditorInstantiation:InstantiateSkeletonAnimation (Spine.Unity.SkeletonDataAsset,Spine.Skin,bool,bool) (at Assets/Spine/Editor/spine-unity/Editor/Utility/AssetUtility.cs:1350)
Spine.Unity.Editor.EditorInstantiation:InstantiateSkeletonAnimation (Spine.Unity.SkeletonDataAsset,string,bool,bool) (at Assets/Spine/Editor/spine-unity/Editor/Utility/AssetUtility.cs:1320)
Spine.Unity.Editor.SkeletonInspectorPreview:Initialize (System.Action,Spine.Unity.SkeletonDataAsset,string) (at Assets/Spine/Editor/spine-unity/Editor/Asset Types/SkeletonDataAssetInspector.cs:869)
Spine.Unity.Editor.AnimationReferenceAssetEditor:HandleOnEnablePreview () (at Assets/Spine/Editor/spine-unity/Editor/Asset Types/AnimationReferenceAssetEditor.cs:144)
Spine.Unity.Editor.AnimationReferenceAssetEditor:OnEnable () (at Assets/Spine/Editor/spine-unity/Editor/Asset Types/AnimationReferenceAssetEditor.cs:58)
UnityEditor.Editor:CreateEditorWithContext (UnityEngine.Object[],UnityEngine.Object,System.Type)
UnityEditor.Editor:CreateEditor (UnityEngine.Object,System.Type)
UnityEditor.Editor:CreateEditor (UnityEngine.Object)
UnityEditor.AssetPreviewUpdater:CreatePreview (UnityEngine.Object,UnityEngine.Object[],string,int,int)
UnityEditor.AssetPreviewUpdater:CreatePreviewForAsset (UnityEngine.Object,UnityEngine.Object[],string)

(Filename: Assets/Spine/Runtime/spine-unity/Components/SkeletonRenderer.cs Line: 515)

 -> (artifact id: '822a2e2a3f160be7e4cfe7b939e74203') in 0.056152 seconds 
========================================================================
Received Import Request.
  Time since last request: 0.000036 seconds.
  path: Assets/Spine Examples/Spine Skeletons/Hero/ReferenceAssets/idle.asset
  artifactKey: Guid(8e32f0310bb5c02488c5c002dd41e7cb) Importer(815301076,1909f56bfc062723c751e8b465ee728b)
Start importing Assets/Spine Examples/Spine Skeletons/Hero/ReferenceAssets/idle.asset using Guid(8e32f0310bb5c02488c5c002dd41e7cb) Importer(815301076,1909f56bfc062723c751e8b465ee728b) Problematic material setup at Spine GameObject (hero-pro): 
Warning: Premultiply-alpha atlas textures not supported in Linear color space!You can use a straight alpha texture with 'PMA Vertex Color' by choosing blend mode 'PMA Vertex, Straight Texture'.

If you have a PMA Texture, please
a) re-export atlas as straight alpha texture with 'premultiply alpha' unchecked
   (if you have already done this, please set the 'Straight Alpha Texture' Material parameter to 'true') or
b) switch to Gamma color space via
Project Settings - Player - Other Settings - Color Space.
UnityEngine.StackTraceUtility:ExtractStackTrace ()
UnityEngine.DebugLogHandler:LogFormat (UnityEngine.LogType,UnityEngine.Object,string,object[])
UnityEngine.Logger:LogFormat (UnityEngine.LogType,UnityEngine.Object,string,object[])
UnityEngine.Debug:LogWarningFormat (UnityEngine.Object,string,object[])
Spine.Unity.SkeletonRenderer:Initialize (bool,bool) (at Assets/Spine/Runtime/spine-unity/Components/SkeletonRenderer.cs:515)
Spine.Unity.SkeletonAnimation:Initialize (bool,bool) (at Assets/Spine/Runtime/spine-unity/Components/SkeletonAnimation.cs:189)
Spine.Unity.Editor.EditorInstantiation:InstantiateSkeletonAnimation (Spine.Unity.SkeletonDataAsset,Spine.Skin,bool,bool) (at Assets/Spine/Editor/spine-unity/Editor/Utility/AssetUtility.cs:1350)
Spine.Unity.Editor.EditorInstantiation:InstantiateSkeletonAnimation (Spine.Unity.SkeletonDataAsset,string,bool,bool) (at Assets/Spine/Editor/spine-unity/Editor/Utility/AssetUtility.cs:1320)
Spine.Unity.Editor.SkeletonInspectorPreview:Initialize (System.Action,Spine.Unity.SkeletonDataAsset,string) (at Assets/Spine/Editor/spine-unity/Editor/Asset Types/SkeletonDataAssetInspector.cs:869)
Spine.Unity.Editor.AnimationReferenceAssetEditor:HandleOnEnablePreview () (at Assets/Spine/Editor/spine-unity/Editor/Asset Types/AnimationReferenceAssetEditor.cs:144)
Spine.Unity.Editor.AnimationReferenceAssetEditor:OnEnable () (at Assets/Spine/Editor/spine-unity/Editor/Asset Types/AnimationReferenceAssetEditor.cs:58)
UnityEditor.Editor:CreateEditorWithContext (UnityEngine.Object[],UnityEngine.Object,System.Type)
UnityEditor.Editor:CreateEditor (UnityEngine.Object,System.Type)
UnityEditor.Editor:CreateEditor (UnityEngine.Object)
UnityEditor.AssetPreviewUpdater:CreatePreview (UnityEngine.Object,UnityEngine.Object[],string,int,int)
UnityEditor.AssetPreviewUpdater:CreatePreviewForAsset (UnityEngine.Object,UnityEngine.Object[],string)

(Filename: Assets/Spine/Runtime/spine-unity/Components/SkeletonRenderer.cs Line: 515)

 -> (artifact id: '4fc45cb1386c289dd7c93bdd57c03757') in 0.041554 seconds 
========================================================================
Received Import Request.
  Time since last request: 0.000031 seconds.
  path: Assets/Spine Examples/Spine Skeletons/Hero/ReferenceAssets/idle-from fall.asset
  artifactKey: Guid(714e39dce7285c145bdf142c38ef9a9b) Importer(815301076,1909f56bfc062723c751e8b465ee728b)
Start importing Assets/Spine Examples/Spine Skeletons/Hero/ReferenceAssets/idle-from fall.asset using Guid(714e39dce7285c145bdf142c38ef9a9b) Importer(815301076,1909f56bfc062723c751e8b465ee728b) Problematic material setup at Spine GameObject (hero-pro): 
Warning: Premultiply-alpha atlas textures not supported in Linear color space!You can use a straight alpha texture with 'PMA Vertex Color' by choosing blend mode 'PMA Vertex, Straight Texture'.

If you have a PMA Texture, please
a) re-export atlas as straight alpha texture with 'premultiply alpha' unchecked
   (if you have already done this, please set the 'Straight Alpha Texture' Material parameter to 'true') or
b) switch to Gamma color space via
Project Settings - Player - Other Settings - Color Space.
UnityEngine.StackTraceUtility:ExtractStackTrace ()
UnityEngine.DebugLogHandler:LogFormat (UnityEngine.LogType,UnityEngine.Object,string,object[])
UnityEngine.Logger:LogFormat (UnityEngine.LogType,UnityEngine.Object,string,object[])
UnityEngine.Debug:LogWarningFormat (UnityEngine.Object,string,object[])
Spine.Unity.SkeletonRenderer:Initialize (bool,bool) (at Assets/Spine/Runtime/spine-unity/Components/SkeletonRenderer.cs:515)
Spine.Unity.SkeletonAnimation:Initialize (bool,bool) (at Assets/Spine/Runtime/spine-unity/Components/SkeletonAnimation.cs:189)
Spine.Unity.Editor.EditorInstantiation:InstantiateSkeletonAnimation (Spine.Unity.SkeletonDataAsset,Spine.Skin,bool,bool) (at Assets/Spine/Editor/spine-unity/Editor/Utility/AssetUtility.cs:1350)
Spine.Unity.Editor.EditorInstantiation:InstantiateSkeletonAnimation (Spine.Unity.SkeletonDataAsset,string,bool,bool) (at Assets/Spine/Editor/spine-unity/Editor/Utility/AssetUtility.cs:1320)
Spine.Unity.Editor.SkeletonInspectorPreview:Initialize (System.Action,Spine.Unity.SkeletonDataAsset,string) (at Assets/Spine/Editor/spine-unity/Editor/Asset Types/SkeletonDataAssetInspector.cs:869)
Spine.Unity.Editor.AnimationReferenceAssetEditor:HandleOnEnablePreview () (at Assets/Spine/Editor/spine-unity/Editor/Asset Types/AnimationReferenceAssetEditor.cs:144)
Spine.Unity.Editor.AnimationReferenceAssetEditor:OnEnable () (at Assets/Spine/Editor/spine-unity/Editor/Asset Types/AnimationReferenceAssetEditor.cs:58)
UnityEditor.Editor:CreateEditorWithContext (UnityEngine.Object[],UnityEngine.Object,System.Type)
UnityEditor.Editor:CreateEditor (UnityEngine.Object,System.Type)
UnityEditor.Editor:CreateEditor (UnityEngine.Object)
UnityEditor.AssetPreviewUpdater:CreatePreview (UnityEngine.Object,UnityEngine.Object[],string,int,int)
UnityEditor.AssetPreviewUpdater:CreatePreviewForAsset (UnityEngine.Object,UnityEngine.Object[],string)

(Filename: Assets/Spine/Runtime/spine-unity/Components/SkeletonRenderer.cs Line: 515)

 -> (artifact id: 'acaa14da463c4546e7543719d61a7ccc') in 0.036362 seconds 
========================================================================
Received Import Request.
  Time since last request: 59.241078 seconds.
  path: Assets/Spine Examples/Spine Skeletons/raya_spine_json/raya_for_spine_SkeletonData.asset
  artifactKey: Guid(81f88c7f1626721458251cb91910a102) Importer(815301076,1909f56bfc062723c751e8b465ee728b)
Start importing Assets/Spine Examples/Spine Skeletons/raya_spine_json/raya_for_spine_SkeletonData.asset using Guid(81f88c7f1626721458251cb91910a102) Importer(815301076,1909f56bfc062723c751e8b465ee728b)  -> (artifact id: 'cd0442f0933971e5394b86d825555603') in 0.031968 seconds 
========================================================================
Received Import Request.
  Time since last request: 59.701712 seconds.
  path: Assets/Spine Examples/Spine Skeletons/square32.png
  artifactKey: Guid(718074e4e56a5404e824bf8e6571ea7d) Importer(815301076,1909f56bfc062723c751e8b465ee728b)
Start importing Assets/Spine Examples/Spine Skeletons/square32.png using Guid(718074e4e56a5404e824bf8e6571ea7d) Importer(815301076,1909f56bfc062723c751e8b465ee728b)  -> (artifact id: '12bc3a84eb893395eddbd5ad45a4d2b0') in 0.047701 seconds 
========================================================================
Received Import Request.
  Time since last request: 18.633745 seconds.
  path: Assets/Spine Examples/Spine Skeletons/raya_spine/raya_images/뒷발_1_1.png
  artifactKey: Guid(8898d62418d8c9747abc5fa6ac91751e) Importer(815301076,1909f56bfc062723c751e8b465ee728b)
Start importing Assets/Spine Examples/Spine Skeletons/raya_spine/raya_images/뒷발_1_1.png using Guid(8898d62418d8c9747abc5fa6ac91751e) Importer(815301076,1909f56bfc062723c751e8b465ee728b)  -> (artifact id: '930775076c96299ccea5c91895057b26') in 0.017302 seconds 
========================================================================
Received Import Request.
  Time since last request: 0.000034 seconds.
  path: Assets/Spine Examples/Spine Skeletons/raya_spine/raya_images/뒷발_2_1.png
  artifactKey: Guid(5f8b3a1fd911cd548b066b051208a4b8) Importer(815301076,1909f56bfc062723c751e8b465ee728b)
Start importing Assets/Spine Examples/Spine Skeletons/raya_spine/raya_images/뒷발_2_1.png using Guid(5f8b3a1fd911cd548b066b051208a4b8) Importer(815301076,1909f56bfc062723c751e8b465ee728b)  -> (artifact id: 'eecc1b36ef1b00ac5ca2e4d6f45340f3') in 0.018620 seconds 
========================================================================
Received Import Request.
  Time since last request: 0.000034 seconds.
  path: Assets/Spine Examples/Spine Skeletons/raya_spine/raya_images/앞발_1_2.png
  artifactKey: Guid(303c636c741bbe345b039d6f9a3ce332) Importer(815301076,1909f56bfc062723c751e8b465ee728b)
Start importing Assets/Spine Examples/Spine Skeletons/raya_spine/raya_images/앞발_1_2.png using Guid(303c636c741bbe345b039d6f9a3ce332) Importer(815301076,1909f56bfc062723c751e8b465ee728b)  -> (artifact id: '73fc69fb18719cd795284bc917483d93') in 0.016024 seconds 
========================================================================
Received Import Request.
  Time since last request: 0.000041 seconds.
  path: Assets/Spine Examples/Spine Skeletons/raya_spine/raya_images/앞발_1_1.png
  artifactKey: Guid(115c24b6ef70bb346a021d4213bfe946) Importer(815301076,1909f56bfc062723c751e8b465ee728b)
Start importing Assets/Spine Examples/Spine Skeletons/raya_spine/raya_images/앞발_1_1.png using Guid(115c24b6ef70bb346a021d4213bfe946) Importer(815301076,1909f56bfc062723c751e8b465ee728b)  -> (artifact id: '7fa4a4423fcd8fe915657e933c4785fe') in 0.019700 seconds 
========================================================================
Received Import Request.
  Time since last request: 0.000041 seconds.
  path: Assets/Spine Examples/Spine Skeletons/raya_spine/raya_images/뒷발_1_2.png
  artifactKey: Guid(146594270f566b14fa7618119db20a88) Importer(815301076,1909f56bfc062723c751e8b465ee728b)
Start importing Assets/Spine Examples/Spine Skeletons/raya_spine/raya_images/뒷발_1_2.png using Guid(146594270f566b14fa7618119db20a88) Importer(815301076,1909f56bfc062723c751e8b465ee728b)  -> (artifact id: '97854dfd616dae21b7edd36bc922b761') in 0.017292 seconds 
========================================================================
Received Import Request.
  Time since last request: 0.000048 seconds.
  path: Assets/Spine Examples/Spine Skeletons/raya_spine/raya_images/앞발_2_1.png
  artifactKey: Guid(a84f7eca397e1734f8cf7b445837609c) Importer(815301076,1909f56bfc062723c751e8b465ee728b)
Start importing Assets/Spine Examples/Spine Skeletons/raya_spine/raya_images/앞발_2_1.png using Guid(a84f7eca397e1734f8cf7b445837609c) Importer(815301076,1909f56bfc062723c751e8b465ee728b)  -> (artifact id: '0d99610287dc7be99a93665bd61f526b') in 0.018103 seconds 
Editor requested this worker to shutdown with reason: Scaling down because of idle timeout
AssetImportWorker is now disconnected from the server
Process exiting
Exiting without the bug reporter. Application will terminate with return code 0